.
в”ңв”Җв”Җ app
в”Ӯ   в”ңв”Җв”Җ Controllers
в”Ӯ   в”ңв”Җв”Җ Helpers
в”Ӯ   в”ңв”Җв”Җ Middleware
в”Ӯ   в”ңв”Җв”Җ Models
в”Ӯ   в”ңв”Җв”Җ Repositories
в”Ӯ   в”ңв”Җв”Җ Services
в”Ӯ   в””в”Җв”Җ Views
в”ңв”Җв”Җ checklist
в”Ӯ   в”ңв”Җв”Җ checklist.html
в”Ӯ   в”ңв”Җв”Җ checklist.json
в”Ӯ   в”ңв”Җв”Җ checklist.md
в”Ӯ   в””в”Җв”Җ salvar.php
в”ңв”Җв”Җ code
в”Ӯ   в”ңв”Җв”Җ executar_teste_ajax.php
в”Ӯ   в”ңв”Җв”Җ funcao.php
в”Ӯ   в”ңв”Җв”Җ item_pedido.php
в”Ӯ   в”ңв”Җв”Җ lista_tabela.php
в”Ӯ   в”ңв”Җв”Җ teste_listar.php
в”Ӯ   в”ңв”Җв”Җ testes_geral.php
в”Ӯ   в””в”Җв”Җ tests
в”ңв”Җв”Җ composer.json
в”ңв”Җв”Җ composer.lock
в”ңв”Җв”Җ composer-setup.php
в”ңв”Җв”Җ controller
в”Ӯ   в”ңв”Җв”Җ alimento.php
в”Ӯ   в”ңв”Җв”Җ assinatura.php
в”Ӯ   в”ңв”Җв”Җ aula_agendada.php
в”Ӯ   в”ңв”Җв”Җ aula_usuario.php
в”Ӯ   в”ңв”Җв”Җ avaliacao_fisica.php
в”Ӯ   в”ңв”Җв”Җ cargo.php
в”Ӯ   в”ңв”Җв”Җ categoria_produto.php
в”Ӯ   в”ңв”Җв”Җ cupom_desconto.php
в”Ӯ   в”ңв”Җв”Җ dados_gerais.php
в”Ӯ   в”ңв”Җв”Җ dicas_nutricionais.php
в”Ӯ   в”ңв”Җв”Җ dieta_alimentar.php
в”Ӯ   в”ңв”Җв”Җ dieta.php
в”Ӯ   в”ңв”Җв”Җ endereco.php
в”Ӯ   в”ңв”Җв”Җ exercicio.php
в”Ӯ   в”ңв”Җв”Җ forum.php
в”Ӯ   в”ңв”Җв”Җ funcionario.php
в”Ӯ   в”ңв”Җв”Җ historico_peso.php
в”Ӯ   в”ңв”Җв”Җ historico_treino.php
в”Ӯ   в”ңв”Җв”Җ item_pedido.php
в”Ӯ   в”ңв”Җв”Җ meta_usuario.php
в”Ӯ   в”ңв”Җв”Җ pagamento_detalhe.php
в”Ӯ   в”ңв”Җв”Җ pagamento.php
в”Ӯ   в”ңв”Җв”Җ pedido.php
в”Ӯ   в”ңв”Җв”Җ perfil_professor.php
в”Ӯ   в”ңв”Җв”Җ perfil_usuario.php
в”Ӯ   в”ңв”Җв”Җ plano.php
в”Ӯ   в”ңв”Җв”Җ processar_pagamento.php
в”Ӯ   в”ңв”Җв”Җ produto.php
в”Ӯ   в”ңв”Җв”Җ refeicao.php
в”Ӯ   в”ңв”Җв”Җ resposta_forum.php
в”Ӯ   в”ңв”Җв”Җ treino_exercicio.php
в”Ӯ   в”ңв”Җв”Җ treino.php
в”Ӯ   в””в”Җв”Җ usuario.php
в”ңв”Җв”Җ db
в”Ӯ   в”ңв”Җв”Җ banco de dados mapeado.png
в”Ӯ   в”ңв”Җв”Җ banco.png
в”Ӯ   в”ңв”Җв”Җ banco.sql
в”Ӯ   в”ңв”Җв”Җ funcoes_impares.txt
в”Ӯ   в”ңв”Җв”Җ gym_genesis.mwb
в”Ӯ   в”ңв”Җв”Җ gym_genesis.mwb.bak
в”Ӯ   в”ңв”Җв”Җ gym_genesis.mwb.beforefix
в”Ӯ   в”ңв”Җв”Җ inserts.sql
в”Ӯ   в””в”Җв”Җ responsabilidades.md
в”ңв”Җв”Җ DEPLOY.md
в”ңв”Җв”Җ docker-compose.yml
в”ңв”Җв”Җ Dockerfile
в”ңв”Җв”Җ document
в”Ӯ   в”ңв”Җв”Җ diagrama do projeto2.svg
в”Ӯ   в”ңв”Җв”Җ diagrama do projeto.svg
в”Ӯ   в”ңв”Җв”Җ dinamico.md
в”Ӯ   в”ңв”Җв”Җ documentaГ§ГЈo_banco.md
в”Ӯ   в”ңв”Җв”Җ erros.txt
в”Ӯ   в”ңв”Җв”Җ exemplos.datatables.md
в”Ӯ   в”ңв”Җв”Җ ideias_layout_pagina_loja.md
в”Ӯ   в”ңв”Җв”Җ ideias_layout_pagina_principal.md
в”Ӯ   в”ңв”Җв”Җ task.md
в”Ӯ   в”ңв”Җв”Җ trabalho de amanha.md
в”Ӯ   в”ңв”Җв”Җ umdiatalvezuse.sql
в”Ӯ   в””в”Җв”Җ versao_reserva.sql
в”ңв”Җв”Җ err
в”Ӯ   в”ңв”Җв”Җ 404.css
в”Ӯ   в””в”Җв”Җ index.html
в”ңв”Җв”Җ log.log
в”ңв”Җв”Җ logs
в”Ӯ   в”ңв”Җв”Җ # 7.sh
в”Ӯ   в”ңв”Җв”Җ teste_endereco.sh
в”Ӯ   в”ңв”Җв”Җ teste_geral.sh
в”Ӯ   в””в”Җв”Җ # test_teste_geral.sh
в”ңв”Җв”Җ public
в”Ӯ   в”ңв”Җв”Җ 2-etapa.php
в”Ӯ   в”ңв”Җв”Җ api
в”Ӯ   в”ңв”Җв”Җ carrinho.php
в”Ӯ   в”ңв”Җв”Җ configuracao.php
в”Ӯ   в”ңв”Җв”Җ css
в”Ӯ   в”ңв”Җв”Җ dashboard_admin.php
в”Ӯ   в”ңв”Җв”Җ dashboard_professor.php
в”Ӯ   в”ңв”Җв”Җ dashboard_usuario.php
в”Ӯ   в”ңв”Җв”Җ exercicio.php
в”Ӯ   в”ңв”Җв”Җ formularioGenerico.php
в”Ӯ   в”ңв”Җв”Җ forum.php
в”Ӯ   в”ңв”Җв”Җ id.php
в”Ӯ   в”ңв”Җв”Җ img
в”Ӯ   в”ңв”Җв”Җ index.php
в”Ӯ   в”ңв”Җв”Җ js
в”Ӯ   в”ңв”Җв”Җ listar copy.php
в”Ӯ   в”ңв”Җв”Җ listar.php
в”Ӯ   в”ңв”Җв”Җ login.php
в”Ӯ   в”ңв”Җв”Җ loja.php
в”Ӯ   в”ңв”Җв”Җ pagina_pagamento.php
в”Ӯ   в”ңв”Җв”Җ perfil.php
в”Ӯ   в”ңв”Җв”Җ php
в”Ӯ   в”ңв”Җв”Җ primeira_avaliacao.php
в”Ӯ   в”ңв”Җв”Җ professores.php
в”Ӯ   в”ңв”Җв”Җ recuperar.php
в”Ӯ   в”ңв”Җв”Җ sucesso.php
в”Ӯ   в”ңв”Җв”Җ t0.php
в”Ӯ   в”ңв”Җв”Җ t1.php
в”Ӯ   в”ңв”Җв”Җ t2.php
в”Ӯ   в”ңв”Җв”Җ treino.php
в”Ӯ   в”ңв”Җв”Җ trocar_senha.php
в”Ӯ   в””в”Җв”Җ uploads
в”ңв”Җв”Җ README.md
в”ңв”Җв”Җ rodar_todos.sh
в”ңв”Җв”Җ routes
в”Ӯ   в”ңв”Җв”Җ Router.php
в”Ӯ   в””в”Җв”Җ web.php
в”ңв”Җв”Җ template
в”Ӯ   в”ңв”Җв”Җ 404.css
в”Ӯ   в”ңв”Җв”Җ 404.html
в”Ӯ   в”ңв”Җв”Җ camera.html
в”Ӯ   в”ңв”Җв”Җ card.php
в”Ӯ   в”ңв”Җв”Җ carrosel.html
в”Ӯ   в”ңв”Җв”Җ caso_uso
в”Ӯ   в”ңв”Җв”Җ dicas_nutriconais.html
в”Ӯ   в”ңв”Җв”Җ erro_demo
в”Ӯ   в”ңв”Җв”Җ erros.log
в”Ӯ   в”ңв”Җв”Җ erros.php
в”Ӯ   в”ңв”Җв”Җ filtro_dinamico_table.html
в”Ӯ   в”ңв”Җв”Җ forГ§a_senha.html
в”Ӯ   в”ңв”Җв”Җ input.html
в”Ӯ   в”ңв”Җв”Җ jquery.html
в”Ӯ   в”ңв”Җв”Җ layout.html
в”Ӯ   в”ңв”Җв”Җ loading.php
в”Ӯ   в”ңв”Җв”Җ location.html
в”Ӯ   в”ңв”Җв”Җ login.html
в”Ӯ   в”ңв”Җв”Җ logo.png
в”Ӯ   в”ңв”Җв”Җ pagamento.html
в”Ӯ   в”ңв”Җв”Җ phpdoc.html
в”Ӯ   в”ңв”Җв”Җ Profile Card.html
в”Ӯ   в”ңв”Җв”Җ tailwind.html
в”Ӯ   в””в”Җв”Җ tailwind.json
в””в”Җв”Җ vendor
    в”ңв”Җв”Җ autoload.php
    в”ңв”Җв”Җ composer
    в”ңв”Җв”Җ graham-campbell
    в”ңв”Җв”Җ phpmailer
    в”ңв”Җв”Җ phpoption
    в”ңв”Җв”Җ symfony
    в””в”Җв”Җ vlucas